number,value,datetime_start,datetime_complete,duration,params_batch_size,params_epochs,params_learning_rate,params_neurons,state
0,0.03212423467825737,2024-02-01 15:33:40.343652,2024-02-01 15:34:28.460890,0 days 00:00:48.117238,32,95,0.01,150,COMPLETE
1,0.213712050022894,2024-02-01 15:34:28.478469,2024-02-01 15:34:34.562416,0 days 00:00:06.083947,128,24,0.1,150,COMPLETE
2,0.14884732007220366,2024-02-01 15:34:34.587566,2024-02-01 15:34:47.342004,0 days 00:00:12.754438,128,59,0.0001,150,COMPLETE
3,0.10788456856284485,2024-02-01 15:34:47.360843,2024-02-01 15:35:04.230869,0 days 00:00:16.870026,32,32,0.0001,150,COMPLETE
4,0.14715220934006087,2024-02-01 15:35:04.248368,2024-02-01 15:35:12.680674,0 days 00:00:08.432306,128,86,0.0001,30,COMPLETE
5,0.03367349117935879,2024-02-01 15:35:12.699089,2024-02-01 15:35:53.084502,0 days 00:00:40.385413,32,89,0.01,150,COMPLETE
6,0.06771996942924881,2024-02-01 15:35:53.108584,2024-02-01 15:35:57.703394,0 days 00:00:04.594810,128,44,0.01,30,COMPLETE
7,0.09770919571206424,2024-02-01 15:35:57.719058,2024-02-01 15:36:16.809947,0 days 00:00:19.090889,64,94,0.0001,100,COMPLETE
8,0.049999337055093476,2024-02-01 15:36:16.823334,2024-02-01 15:36:28.747479,0 days 00:00:11.924145,64,41,0.01,150,COMPLETE
9,0.12935785403825614,2024-02-01 15:36:28.763432,2024-02-01 15:36:41.151329,0 days 00:00:12.387897,128,96,0.0001,100,COMPLETE
10,0.05051280567872897,2024-02-01 15:36:41.165904,2024-02-01 15:36:58.557843,0 days 00:00:17.391939,32,73,0.001,50,COMPLETE
11,0.028103477652311804,2024-02-01 15:36:58.573349,2024-02-01 15:37:33.241962,0 days 00:00:34.668613,32,78,0.01,150,COMPLETE
12,0.03334563352348271,2024-02-01 15:37:33.256168,2024-02-01 15:37:50.899751,0 days 00:00:17.643583,32,73,0.01,50,COMPLETE
13,0.02659864474043962,2024-02-01 15:37:50.915643,2024-02-01 15:38:26.802237,0 days 00:00:35.886594,32,78,0.01,150,COMPLETE
14,0.05016621992732634,2024-02-01 15:38:26.821444,2024-02-01 15:38:58.837222,0 days 00:00:32.015778,32,70,0.001,150,COMPLETE
15,0.1195522522869206,2024-02-01 15:38:58.858683,2024-02-01 15:39:26.377138,0 days 00:00:27.518455,32,59,0.1,150,COMPLETE
16,0.03860102853466513,2024-02-01 15:39:26.392078,2024-02-01 15:39:38.456399,0 days 00:00:12.064321,64,81,0.01,30,COMPLETE
17,0.031803784744485475,2024-02-01 15:39:38.469370,2024-02-01 15:39:55.019767,0 days 00:00:16.550397,32,67,0.01,50,COMPLETE
18,0.029458763593775795,2024-02-01 15:39:55.040373,2024-02-01 15:40:23.287335,0 days 00:00:28.246962,32,80,0.01,100,COMPLETE
19,0.13676888430855944,2024-02-01 15:40:23.304462,2024-02-01 15:40:48.197170,0 days 00:00:24.892708,32,52,0.1,150,COMPLETE
20,0.05962705040706094,2024-02-01 15:40:48.212056,2024-02-01 15:41:09.988784,0 days 00:00:21.776728,64,80,0.001,150,COMPLETE
21,0.02841637959972381,2024-02-01 15:41:10.003554,2024-02-01 15:41:37.426800,0 days 00:00:27.423246,32,78,0.01,100,COMPLETE
22,0.03351067341231856,2024-02-01 15:41:37.455220,2024-02-01 15:42:01.719738,0 days 00:00:24.264518,32,64,0.01,100,COMPLETE
23,0.030453540347628406,2024-02-01 15:42:01.736128,2024-02-01 15:42:28.924807,0 days 00:00:27.188679,32,76,0.01,100,COMPLETE
24,0.02950211159825981,2024-02-01 15:42:28.940357,2024-02-01 15:42:58.974125,0 days 00:00:30.033768,32,85,0.01,100,COMPLETE
25,0.02687170548739699,2024-02-01 15:42:58.990694,2024-02-01 15:43:29.448899,0 days 00:00:30.458205,32,89,0.01,100,COMPLETE
26,0.03708826050419786,2024-02-01 15:43:29.463052,2024-02-01 15:43:49.761045,0 days 00:00:20.297993,32,90,0.01,50,COMPLETE
27,0.04507496883905241,2024-02-01 15:43:49.774923,2024-02-01 15:44:10.323419,0 days 00:00:20.548496,32,97,0.01,30,COMPLETE
28,0.12614652536115978,2024-02-01 15:44:10.336218,2024-02-01 15:44:36.014973,0 days 00:00:25.678755,64,100,0.1,150,COMPLETE
29,0.03028635453367322,2024-02-01 15:44:36.032057,2024-02-01 15:45:15.393366,0 days 00:00:39.361309,32,91,0.01,150,COMPLETE
30,0.050596008765625214,2024-02-01 15:45:15.406915,2024-02-01 15:45:37.783390,0 days 00:00:22.376475,32,65,0.001,100,COMPLETE
31,0.030831934322191872,2024-02-01 15:45:37.795372,2024-02-01 15:46:07.273231,0 days 00:00:29.477859,32,82,0.01,100,COMPLETE
32,0.03057839465436365,2024-02-01 15:46:07.290283,2024-02-01 15:46:34.799001,0 days 00:00:27.508718,32,79,0.01,100,COMPLETE
33,0.032172743853207605,2024-02-01 15:46:34.811932,2024-02-01 15:47:00.808075,0 days 00:00:25.996143,32,75,0.01,100,COMPLETE
34,0.030542268031405174,2024-02-01 15:47:00.823268,2024-02-01 15:47:24.929094,0 days 00:00:24.105826,32,54,0.01,150,COMPLETE
35,0.05068529615157273,2024-02-01 15:47:24.942185,2024-02-01 15:47:35.675585,0 days 00:00:10.733400,128,86,0.01,100,COMPLETE
36,0.09394747995835409,2024-02-01 15:47:35.687615,2024-02-01 15:48:06.068276,0 days 00:00:30.380661,32,69,0.1,150,COMPLETE
37,0.0707807149361788,2024-02-01 15:48:06.082101,2024-02-01 15:48:11.835105,0 days 00:00:05.753004,128,26,0.01,150,COMPLETE
38,0.09128796380910911,2024-02-01 15:48:11.848394,2024-02-01 15:48:30.357363,0 days 00:00:18.508969,32,86,0.0001,30,COMPLETE
39,0.031206870962226567,2024-02-01 15:48:30.371027,2024-02-01 15:49:01.655707,0 days 00:00:31.284680,32,93,0.01,100,COMPLETE
40,0.13736846486045567,2024-02-01 15:49:01.669238,2024-02-01 15:49:17.770188,0 days 00:00:16.100950,128,77,0.0001,150,COMPLETE
41,0.027163443116942305,2024-02-01 15:49:17.783001,2024-02-01 15:49:46.464451,0 days 00:00:28.681450,32,85,0.01,100,COMPLETE
42,0.032336015952221686,2024-02-01 15:49:46.478321,2024-02-01 15:50:17.645701,0 days 00:00:31.167380,32,87,0.01,100,COMPLETE
43,0.033656578597402106,2024-02-01 15:50:17.659883,2024-02-01 15:50:46.723717,0 days 00:00:29.063834,32,83,0.01,100,COMPLETE
44,0.029033684887024187,2024-02-01 15:50:46.742937,2024-02-01 15:51:11.998692,0 days 00:00:25.255755,32,72,0.01,100,COMPLETE
45,0.04359991576226098,2024-02-01 15:51:12.018782,2024-02-01 15:51:24.699105,0 days 00:00:12.680323,64,62,0.01,100,COMPLETE
46,0.043027792413677976,2024-02-01 15:51:24.713604,2024-02-01 15:51:45.288259,0 days 00:00:20.574655,32,90,0.001,50,COMPLETE
47,0.029768842861518797,2024-02-01 15:51:45.306928,2024-02-01 15:52:30.375506,0 days 00:00:45.068578,32,100,0.01,150,COMPLETE
48,0.14995575601067573,2024-02-01 15:52:30.395851,2024-02-01 15:52:37.427145,0 days 00:00:07.031294,128,94,0.0001,30,COMPLETE
49,0.02954739259820205,2024-02-01 15:52:37.452665,2024-02-01 15:52:57.025410,0 days 00:00:19.572745,32,56,0.01,100,COMPLETE
50,0.12858909315185166,2024-02-01 15:52:57.042602,2024-02-01 15:53:28.306564,0 days 00:00:31.263962,32,71,0.1,150,COMPLETE
51,0.031108415483488566,2024-02-01 15:53:28.325452,2024-02-01 15:53:53.571293,0 days 00:00:25.245841,32,73,0.01,100,COMPLETE
52,0.028646983972123147,2024-02-01 15:53:53.587635,2024-02-01 15:54:20.403018,0 days 00:00:26.815383,32,78,0.01,100,COMPLETE
53,0.03160697787993384,2024-02-01 15:54:20.419806,2024-02-01 15:54:46.729455,0 days 00:00:26.309649,32,77,0.01,100,COMPLETE
54,0.029043697140547935,2024-02-01 15:54:46.746323,2024-02-01 15:55:15.103380,0 days 00:00:28.357057,32,83,0.01,100,COMPLETE
55,0.03641407726507289,2024-02-01 15:55:15.121214,2024-02-01 15:55:30.465271,0 days 00:00:15.344057,64,67,0.01,100,COMPLETE
56,0.03312029873040866,2024-02-01 15:55:30.480922,2024-02-01 15:55:43.081475,0 days 00:00:12.600553,32,49,0.01,50,COMPLETE
57,0.050937165905622264,2024-02-01 15:55:43.098389,2024-02-01 15:56:11.270164,0 days 00:00:28.171775,32,79,0.001,100,COMPLETE
58,0.025305233915114272,2024-02-01 15:56:11.285337,2024-02-01 15:56:49.117554,0 days 00:00:37.832217,32,84,0.01,150,COMPLETE
59,0.03597475136517923,2024-02-01 15:56:49.131932,2024-02-01 15:57:28.762063,0 days 00:00:39.630131,32,88,0.01,150,COMPLETE
60,0.02881815454080925,2024-02-01 15:57:28.780739,2024-02-01 15:57:51.263080,0 days 00:00:22.482341,64,84,0.01,150,COMPLETE
61,0.0278073943348602,2024-02-01 15:57:51.276356,2024-02-01 15:58:25.246251,0 days 00:00:33.969895,32,76,0.01,150,COMPLETE
62,0.0319846114358872,2024-02-01 15:58:25.259902,2024-02-01 15:58:58.129670,0 days 00:00:32.869768,32,74,0.01,150,COMPLETE
63,0.027684324771536657,2024-02-01 15:58:58.144092,2024-02-01 15:59:38.414945,0 days 00:00:40.270853,32,91,0.01,150,COMPLETE
64,0.02837095434838533,2024-02-01 15:59:38.431626,2024-02-01 16:00:19.282053,0 days 00:00:40.850427,32,92,0.01,150,COMPLETE
65,0.026848816631753016,2024-02-01 16:00:19.311323,2024-02-01 16:01:02.867479,0 days 00:00:43.556156,32,97,0.01,150,COMPLETE
66,0.028849212026872774,2024-02-01 16:01:02.887774,2024-02-01 16:01:45.716849,0 days 00:00:42.829075,32,96,0.01,150,COMPLETE
67,0.07436879902303568,2024-02-01 16:01:45.731910,2024-02-01 16:02:29.104121,0 days 00:00:43.372211,32,98,0.0001,150,COMPLETE
68,0.09017597822758411,2024-02-01 16:02:29.119465,2024-02-01 16:03:08.118840,0 days 00:00:38.999375,32,88,0.1,150,COMPLETE
69,0.043646331098611255,2024-02-01 16:03:08.133693,2024-02-01 16:03:26.180755,0 days 00:00:18.047062,128,94,0.01,150,COMPLETE
70,0.02770442375504568,2024-02-01 16:03:26.195853,2024-02-01 16:04:08.979415,0 days 00:00:42.783562,32,82,0.01,150,COMPLETE
71,0.03386770554039566,2024-02-01 16:04:08.995103,2024-02-01 16:04:46.849986,0 days 00:00:37.854883,32,81,0.01,150,COMPLETE
72,0.029536374460665323,2024-02-01 16:04:46.864841,2024-02-01 16:05:28.110085,0 days 00:00:41.245244,32,90,0.01,150,COMPLETE
73,0.033920391668584064,2024-02-01 16:05:28.124296,2024-02-01 16:05:47.744150,0 days 00:00:19.619854,32,40,0.01,150,COMPLETE
74,0.027857084756400745,2024-02-01 16:05:47.760424,2024-02-01 16:06:26.379052,0 days 00:00:38.618628,32,85,0.01,150,COMPLETE
75,0.03574351880228151,2024-02-01 16:06:26.399675,2024-02-01 16:07:09.871641,0 days 00:00:43.471966,32,97,0.01,150,COMPLETE
76,0.03710641412449426,2024-02-01 16:07:09.885501,2024-02-01 16:07:51.206180,0 days 00:00:41.320679,32,91,0.001,150,COMPLETE
77,0.03957013481188491,2024-02-01 16:07:51.224342,2024-02-01 16:08:13.010543,0 days 00:00:21.786201,32,82,0.01,30,COMPLETE
78,0.029151378136821244,2024-02-01 16:08:13.038621,2024-02-01 16:08:52.971209,0 days 00:00:39.932588,32,88,0.01,150,COMPLETE
79,0.03217634724052703,2024-02-01 16:08:52.987715,2024-02-01 16:09:16.506793,0 days 00:00:23.519078,64,85,0.01,150,COMPLETE
80,0.1206361742105572,2024-02-01 16:09:16.519913,2024-02-01 16:09:39.335149,0 days 00:00:22.815236,32,95,0.1,50,COMPLETE
81,0.027505118375313924,2024-02-01 16:09:39.360137,2024-02-01 16:10:17.938256,0 days 00:00:38.578119,32,85,0.01,150,COMPLETE
82,0.025642073572213264,2024-02-01 16:10:17.952596,2024-02-01 16:10:54.176100,0 days 00:00:36.223504,32,80,0.01,150,COMPLETE
83,0.028945933218165187,2024-02-01 16:10:54.192263,2024-02-01 16:11:35.470441,0 days 00:00:41.278178,32,92,0.01,150,COMPLETE
84,0.0297526816084351,2024-02-01 16:11:35.489270,2024-02-01 16:12:15.656163,0 days 00:00:40.166893,32,89,0.01,150,COMPLETE
85,0.02997441543744675,2024-02-01 16:12:15.673643,2024-02-01 16:12:52.192977,0 days 00:00:36.519334,32,81,0.01,150,COMPLETE
86,0.046713225632014764,2024-02-01 16:12:52.212227,2024-02-01 16:13:12.382606,0 days 00:00:20.170379,128,86,0.01,150,COMPLETE
87,0.0732285045920082,2024-02-01 16:13:12.407991,2024-02-01 16:14:00.154264,0 days 00:00:47.746273,32,99,0.0001,150,COMPLETE
88,0.03739690611187206,2024-02-01 16:14:00.184748,2024-02-01 16:14:20.689599,0 days 00:00:20.504851,32,84,0.01,30,COMPLETE
89,0.029887260745149535,2024-02-01 16:14:20.712094,2024-02-01 16:15:03.971107,0 days 00:00:43.259013,32,93,0.01,150,COMPLETE
90,0.04224183942308988,2024-02-01 16:15:03.999855,2024-02-01 16:15:42.250390,0 days 00:00:38.250535,32,80,0.001,150,COMPLETE
91,0.03330315590788639,2024-02-01 16:15:42.276239,2024-02-01 16:16:17.552687,0 days 00:00:35.276448,32,75,0.01,150,COMPLETE
92,0.030665140582000244,2024-02-01 16:16:17.577834,2024-02-01 16:16:55.931549,0 days 00:00:38.353715,32,83,0.01,150,COMPLETE
93,0.028051121083010278,2024-02-01 16:16:55.953492,2024-02-01 16:17:36.105356,0 days 00:00:40.151864,32,87,0.01,150,COMPLETE
94,0.02910796184526011,2024-02-01 16:17:36.138036,2024-02-01 16:18:17.305022,0 days 00:00:41.166986,32,90,0.01,150,COMPLETE
95,0.031073706663312745,2024-02-01 16:18:17.328912,2024-02-01 16:18:36.254773,0 days 00:00:18.925861,32,76,0.01,50,COMPLETE
96,0.029218626324585672,2024-02-01 16:18:36.281206,2024-02-01 16:19:08.062461,0 days 00:00:31.781255,32,69,0.01,150,COMPLETE
97,0.03405547436427127,2024-02-01 16:19:08.091884,2024-02-01 16:19:44.338740,0 days 00:00:36.246856,32,79,0.01,150,COMPLETE
98,0.03173835208679576,2024-02-01 16:19:44.366014,2024-02-01 16:20:05.910509,0 days 00:00:21.544495,64,77,0.01,150,COMPLETE
99,0.05251266504497374,2024-02-01 16:20:05.938922,2024-02-01 16:20:16.622122,0 days 00:00:10.683200,32,20,0.01,150,COMPLETE
